<?xml version="1.0" encoding="UTF-8"?>
<testsuite xmlns:xsi="http://www.w3.org/2001/XMLSchema-instance" xsi:noNamespaceSchemaLocation="https://maven.apache.org/surefire/maven-surefire-plugin/xsd/surefire-test-report-3.0.xsd" version="3.0" name="com.prerna.bfhl.BfhlApplicationTests" time="2.365" tests="6" errors="0" skipped="0" failures="0">
  <properties>
[...]
</properties>
  <testcase name="testEmptyArray" classname="com.prerna.bfhl.BfhlApplicationTests" time="0.671">
    <system-out><![CDATA[10:59:07.367 [main] INFO org.springframework.test.context.support.AnnotationConfigContextLoaderUtils -- Could not detect default configuration classes for test class [com.prerna.bfhl.BfhlApplicationTests]: BfhlApplicationTests does not declare any static, non-private, non-final, nested classes annotated with @Configuration.
10:59:07.468 [main] INFO org.springframework.boot.test.context.SpringBootTestContextBootstrapper -- Found @SpringBootConfiguration com.prerna.bfhl.BfhlApplication for test class com.prerna.bfhl.BfhlApplicationTests

  .   ____          _            __ _ _
 /\\ / ___'_ __ _ _(_)_ __  __ _ \ \ \ \
( ( )\___ | '_ | '_| | '_ \/ _` | \ \ \ \
 \\/  ___)| |_)| | | | | || (_| |  ) ) ) )
  '  |____| .__|_| |_|_| |_\__, | / / / /
 =========|_|==============|___/=/_/_/_/
 :: Spring Boot ::                (v3.2.5)

2026-06-27T10:59:07.792+05:30  INFO 22216 --- [           main] com.prerna.bfhl.BfhlApplicationTests     : Starting BfhlApplicationTests using Java 25.0.2 with PID 22216 (started by sarth in C:\Users\sarth\Downloads\bfhl-api)
2026-06-27T10:59:07.793+05:30  INFO 22216 --- [           main] com.prerna.bfhl.BfhlApplicationTests     : No active profile set, falling back to 1 default profile: "default"
2026-06-27T10:59:08.880+05:30  INFO 22216 --- [           main] o.s.b.t.m.w.SpringBootMockServletContext : Initializing Spring TestDispatcherServlet ''
2026-06-27T10:59:08.880+05:30  INFO 22216 --- [           main] o.s.t.web.servlet.TestDispatcherServlet  : Initializing Servlet ''
2026-06-27T10:59:08.881+05:30  INFO 22216 --- [           main] o.s.t.web.servlet.TestDispatcherServlet  : Completed initialization in 1 ms
2026-06-27T10:59:08.899+05:30  INFO 22216 --- [           main] com.prerna.bfhl.BfhlApplicationTests     : Started BfhlApplicationTests in 1.323 seconds (process running for 2.109)
]]></system-out>
    <system-err><![CDATA[WARNING: A Java agent has been loaded dynamically (C:\Users\sarth\.m2\repository\net\bytebuddy\byte-buddy-agent\1.14.13\byte-buddy-agent-1.14.13.jar)
WARNING: If a serviceability tool is in use, please run with -XX:+EnableDynamicAgentLoading to hide this warning
WARNING: If a serviceability tool is not in use, please run with -Djdk.instrument.traceUsage for more information
WARNING: Dynamic loading of agents will be disallowed by default in a future release
]]></system-err>
  </testcase>
  <testcase name="testExampleA" classname="com.prerna.bfhl.BfhlApplicationTests" time="0.007"/>
  <testcase name="testExampleB" classname="com.prerna.bfhl.BfhlApplicationTests" time="0.004"/>
  <testcase name="testExampleC" classname="com.prerna.bfhl.BfhlApplicationTests" time="0.006"/>
  <testcase name="testMalformedJson" classname="com.prerna.bfhl.BfhlApplicationTests" time="0.007"/>
  <testcase name="testMissingDataField" classname="com.prerna.bfhl.BfhlApplicationTests" time="0.008"/>
</testsuite>